{
  "stats": {
    "suites": 1,
    "tests": 1,
    "passes": 1,
    "pending": 0,
    "failures": 0,
    "start": "2023-12-04T10:55:47.949Z",
    "end": "2023-12-04T10:56:01.198Z",
    "duration": 13249,
    "testsRegistered": 1,
    "passPercent": 100,
    "pendingPercent": 0,
    "other": 0,
    "hasOther": false,
    "skipped": 0,
    "hasSkipped": false
  },
  "results": [
    {
      "uuid": "0792b910-b815-416d-b0cc-2d7eb169e18c",
      "title": "",
      "fullFile": "cypress\\e2e\\day04\\01_SuggestedElements2.cy.js",
      "file": "cypress\\e2e\\day04\\01_SuggestedElements2.cy.js",
      "beforeHooks": [],
      "afterHooks": [],
      "tests": [],
      "suites": [
        {
          "uuid": "b6092758-5494-480f-844f-c73027edeebf",
          "title": "Suggested Elements",
          "fullFile": "",
          "file": "",
          "beforeHooks": [],
          "afterHooks": [],
          "tests": [
            {
              "title": "Test Case",
              "fullTitle": "Suggested Elements Test Case",
              "timedOut": null,
              "duration": 10527,
              "state": "passed",
              "speed": "slow",
              "pass": true,
              "fail": false,
              "pending": false,
              "context": "{\n  \"title\": \"cypress-mochawesome-reporter-videos-passed\",\n  \"value\": \"cypress\\\\e2e\\\\day04\\\\01_SuggestedElements2.cy.js\"\n}",
              "code": "cy.visit('http://www.automationpractice.pl/index.php');\n//arama moturu\ncy.get('#search_query_top').type('dress');\ncy.wait(2000);\ncy.get('ul > :nth-child(7)').click();\ncy.wait(3000);\ncy.get('h1').should('be.visible');",
              "err": {},
              "uuid": "9450120d-3640-45c1-b401-690417f915f6",
              "parentUUID": "b6092758-5494-480f-844f-c73027edeebf",
              "isHook": false,
              "skipped": false
            }
          ],
          "suites": [],
          "passes": [
            "9450120d-3640-45c1-b401-690417f915f6"
          ],
          "failures": [],
          "pending": [],
          "skipped": [],
          "duration": 10527,
          "root": false,
          "rootEmpty": false,
          "_timeout": 2000
        }
      ],
      "passes": [],
      "failures": [],
      "pending": [],
      "skipped": [],
      "duration": 0,
      "root": true,
      "rootEmpty": true,
      "_timeout": 2000
    }
  ],
  "meta": {
    "mocha": {
      "version": "7.0.1"
    },
    "mochawesome": {
      "options": {
        "quiet": false,
        "reportFilename": "mochawesome",
        "saveHtml": false,
        "saveJson": true,
        "consoleReporter": "spec",
        "useInlineDiffs": false,
        "code": true
      },
      "version": "7.1.3"
    },
    "marge": {
      "options": {
        "overwrite": false,
        "html": false,
        "json": true,
        "reportDir": "cypress\\reports\\html\\.jsons"
      },
      "version": "6.2.0"
    }
  }
}