{
  "stats": {
    "suites": 1,
    "tests": 1,
    "passes": 1,
    "pending": 0,
    "failures": 0,
    "start": "2023-12-04T10:55:10.283Z",
    "end": "2023-12-04T10:55:17.790Z",
    "duration": 7507,
    "testsRegistered": 1,
    "passPercent": 100,
    "pendingPercent": 0,
    "other": 0,
    "hasOther": false,
    "skipped": 0,
    "hasSkipped": false
  },
  "results": [
    {
      "uuid": "5ab671da-9acc-4645-9153-3af5272958e9",
      "title": "",
      "fullFile": "cypress\\e2e\\day05\\04_FileUploadTest.cy.js",
      "file": "cypress\\e2e\\day05\\04_FileUploadTest.cy.js",
      "beforeHooks": [],
      "afterHooks": [],
      "tests": [],
      "suites": [
        {
          "uuid": "204814d4-4e52-4e6c-8f87-e6dd2b000ad4",
          "title": "FileUpload",
          "fullFile": "",
          "file": "",
          "beforeHooks": [],
          "afterHooks": [],
          "tests": [
            {
              "title": "OverWrite File Name",
              "fullTitle": "FileUpload OverWrite File Name",
              "timedOut": null,
              "duration": 3470,
              "state": "passed",
              "speed": "fast",
              "pass": true,
              "fail": false,
              "pending": false,
              "context": "{\n  \"title\": \"cypress-mochawesome-reporter-videos-passed\",\n  \"value\": \"cypress\\\\e2e\\\\day05\\\\04_FileUploadTest.cy.js\"\n}",
              "code": "//dosya ismini değiştirerek gönderme\ncy.visit('https://davidwalsh.name/demo/multiple-file-upload.php');\ncy.wait(3000);\nconst path1 = \"bir.png\";\ncy.get('#filesToUpload').attachFile({\n  filePath: path1,\n  fileName: 'image01.png'\n});",
              "err": {},
              "uuid": "2094cc35-7940-4f26-8210-d94f7cb25b00",
              "parentUUID": "204814d4-4e52-4e6c-8f87-e6dd2b000ad4",
              "isHook": false,
              "skipped": false
            }
          ],
          "suites": [],
          "passes": [
            "2094cc35-7940-4f26-8210-d94f7cb25b00"
          ],
          "failures": [],
          "pending": [],
          "skipped": [],
          "duration": 3470,
          "root": false,
          "rootEmpty": false,
          "_timeout": 2000
        }
      ],
      "passes": [],
      "failures": [],
      "pending": [],
      "skipped": [],
      "duration": 0,
      "root": true,
      "rootEmpty": true,
      "_timeout": 2000
    }
  ],
  "meta": {
    "mocha": {
      "version": "7.0.1"
    },
    "mochawesome": {
      "options": {
        "quiet": false,
        "reportFilename": "mochawesome",
        "saveHtml": false,
        "saveJson": true,
        "consoleReporter": "spec",
        "useInlineDiffs": false,
        "code": true
      },
      "version": "7.1.3"
    },
    "marge": {
      "options": {
        "overwrite": false,
        "html": false,
        "json": true,
        "reportDir": "cypress\\reports\\html\\.jsons"
      },
      "version": "6.2.0"
    }
  }
}