{
  "stats": {
    "suites": 1,
    "tests": 2,
    "passes": 2,
    "pending": 0,
    "failures": 0,
    "start": "2023-12-04T10:52:36.715Z",
    "end": "2023-12-04T10:52:55.920Z",
    "duration": 19205,
    "testsRegistered": 2,
    "passPercent": 100,
    "pendingPercent": 0,
    "other": 0,
    "hasOther": false,
    "skipped": 0,
    "hasSkipped": false
  },
  "results": [
    {
      "uuid": "f5f74d26-6b12-4975-b064-865a8c3da087",
      "title": "",
      "fullFile": "cypress\\e2e\\day02\\01_LoginTest.cy.js",
      "file": "cypress\\e2e\\day02\\01_LoginTest.cy.js",
      "beforeHooks": [],
      "afterHooks": [],
      "tests": [],
      "suites": [
        {
          "uuid": "0a6f28df-062e-4419-bc44-665d96c8c442",
          "title": "Koala Resort Hotel",
          "fullFile": "",
          "file": "",
          "beforeHooks": [],
          "afterHooks": [],
          "tests": [
            {
              "title": "LogIn Testi",
              "fullTitle": "Koala Resort Hotel LogIn Testi",
              "timedOut": null,
              "duration": 15518,
              "state": "passed",
              "speed": "slow",
              "pass": true,
              "fail": false,
              "pending": false,
              "context": "{\n  \"title\": \"cypress-mochawesome-reporter-videos-passed\",\n  \"value\": \"cypress\\\\e2e\\\\day02\\\\01_LoginTest.cy.js\"\n}",
              "code": "cy.visit('https://qa-environment.koalaresorthotels.com/');\n//cy.get('#navLogon > .nav-link').click()\n//veya\ncy.contains('Log in').click();\n//DOM da log in text ini bul ve click le\ncy.url().should('include', 'Account/Logon');\n//username: Manager\ncy.get('#UserName', {\n  timeout: 5000\n}).type('Manager');\n//password: Manager1!\ncy.get('#Password', {\n  timeout: 5000\n}).type('Manager1');\ncy.get('#btnSubmit', {\n  timeout: 5000\n}).click();",
              "err": {},
              "uuid": "d5bde5b8-c438-4038-91f6-1b20cee02c73",
              "parentUUID": "0a6f28df-062e-4419-bc44-665d96c8c442",
              "isHook": false,
              "skipped": false
            },
            {
              "title": "",
              "fullTitle": "Koala Resort Hotel ",
              "timedOut": null,
              "duration": 74,
              "state": "passed",
              "speed": "fast",
              "pass": true,
              "fail": false,
              "pending": false,
              "context": "{\n  \"title\": \"cypress-mochawesome-reporter-videos-passed\",\n  \"value\": \"cypress\\\\e2e\\\\day02\\\\01_LoginTest.cy.js\"\n}",
              "code": "",
              "err": {},
              "uuid": "36a23799-6f6f-403e-8262-d9482f4c7775",
              "parentUUID": "0a6f28df-062e-4419-bc44-665d96c8c442",
              "isHook": false,
              "skipped": false
            }
          ],
          "suites": [],
          "passes": [
            "d5bde5b8-c438-4038-91f6-1b20cee02c73",
            "36a23799-6f6f-403e-8262-d9482f4c7775"
          ],
          "failures": [],
          "pending": [],
          "skipped": [],
          "duration": 15592,
          "root": false,
          "rootEmpty": false,
          "_timeout": 2000
        }
      ],
      "passes": [],
      "failures": [],
      "pending": [],
      "skipped": [],
      "duration": 0,
      "root": true,
      "rootEmpty": true,
      "_timeout": 2000
    }
  ],
  "meta": {
    "mocha": {
      "version": "7.0.1"
    },
    "mochawesome": {
      "options": {
        "quiet": false,
        "reportFilename": "mochawesome",
        "saveHtml": false,
        "saveJson": true,
        "consoleReporter": "spec",
        "useInlineDiffs": false,
        "code": true
      },
      "version": "7.1.3"
    },
    "marge": {
      "options": {
        "overwrite": false,
        "html": false,
        "json": true,
        "reportDir": "cypress\\reports\\html\\.jsons"
      },
      "version": "6.2.0"
    }
  }
}