{
  "stats": {
    "suites": 1,
    "tests": 2,
    "passes": 2,
    "pending": 0,
    "failures": 0,
    "start": "2023-12-04T10:52:33.371Z",
    "end": "2023-12-04T10:52:33.464Z",
    "duration": 93,
    "testsRegistered": 2,
    "passPercent": 100,
    "pendingPercent": 0,
    "other": 0,
    "hasOther": false,
    "skipped": 0,
    "hasSkipped": false
  },
  "results": [
    {
      "uuid": "ddc8c2ae-1fa5-45df-a64d-3fbb9bf5ab3f",
      "title": "",
      "fullFile": "cypress\\e2e\\test.cy.js",
      "file": "cypress\\e2e\\test.cy.js",
      "beforeHooks": [],
      "afterHooks": [],
      "tests": [],
      "suites": [
        {
          "uuid": "ba7ac267-e32c-4812-a5ec-9b2bb7b3e444",
          "title": "",
          "fullFile": "",
          "file": "",
          "beforeHooks": [],
          "afterHooks": [],
          "tests": [
            {
              "title": "",
              "fullTitle": " ",
              "timedOut": null,
              "duration": 26,
              "state": "passed",
              "speed": "fast",
              "pass": true,
              "fail": false,
              "pending": false,
              "context": "{\n  \"title\": \"cypress-mochawesome-reporter-videos-passed\",\n  \"value\": \"cypress\\\\e2e\\\\test.cy.js\"\n}",
              "code": "",
              "err": {},
              "uuid": "a04c6a9d-72f2-4c1b-9033-78bef00ff07e",
              "parentUUID": "ba7ac267-e32c-4812-a5ec-9b2bb7b3e444",
              "isHook": false,
              "skipped": false
            },
            {
              "title": "",
              "fullTitle": " ",
              "timedOut": null,
              "duration": 17,
              "state": "passed",
              "speed": "fast",
              "pass": true,
              "fail": false,
              "pending": false,
              "context": "{\n  \"title\": \"cypress-mochawesome-reporter-videos-passed\",\n  \"value\": \"cypress\\\\e2e\\\\test.cy.js\"\n}",
              "code": "",
              "err": {},
              "uuid": "b8a0284a-399c-4e6f-9f7d-64cad52d8987",
              "parentUUID": "ba7ac267-e32c-4812-a5ec-9b2bb7b3e444",
              "isHook": false,
              "skipped": false
            }
          ],
          "suites": [],
          "passes": [
            "a04c6a9d-72f2-4c1b-9033-78bef00ff07e",
            "b8a0284a-399c-4e6f-9f7d-64cad52d8987"
          ],
          "failures": [],
          "pending": [],
          "skipped": [],
          "duration": 43,
          "root": false,
          "rootEmpty": false,
          "_timeout": 2000
        }
      ],
      "passes": [],
      "failures": [],
      "pending": [],
      "skipped": [],
      "duration": 0,
      "root": true,
      "rootEmpty": true,
      "_timeout": 2000
    }
  ],
  "meta": {
    "mocha": {
      "version": "7.0.1"
    },
    "mochawesome": {
      "options": {
        "quiet": false,
        "reportFilename": "mochawesome",
        "saveHtml": false,
        "saveJson": true,
        "consoleReporter": "spec",
        "useInlineDiffs": false,
        "code": true
      },
      "version": "7.1.3"
    },
    "marge": {
      "options": {
        "overwrite": false,
        "html": false,
        "json": true,
        "reportDir": "cypress\\reports\\html\\.jsons"
      },
      "version": "6.2.0"
    }
  }
}