{
  "stats": {
    "suites": 1,
    "tests": 2,
    "passes": 2,
    "pending": 0,
    "failures": 0,
    "start": "2023-12-04T10:53:58.164Z",
    "end": "2023-12-04T10:54:04.440Z",
    "duration": 6276,
    "testsRegistered": 2,
    "passPercent": 100,
    "pendingPercent": 0,
    "other": 0,
    "hasOther": false,
    "skipped": 0,
    "hasSkipped": false
  },
  "results": [
    {
      "uuid": "7e451c9a-4f78-42b1-8ec6-ed71c9217632",
      "title": "",
      "fullFile": "cypress\\e2e\\day01\\first_test2.cy.js",
      "file": "cypress\\e2e\\day01\\first_test2.cy.js",
      "beforeHooks": [],
      "afterHooks": [],
      "tests": [],
      "suites": [
        {
          "uuid": "013c1e65-bcfb-4daf-bb32-c922d03d3000",
          "title": "My first test",
          "fullFile": "",
          "file": "",
          "beforeHooks": [],
          "afterHooks": [],
          "tests": [
            {
              "title": "URL test",
              "fullTitle": "My first test URL test",
              "timedOut": null,
              "duration": 2043,
              "state": "passed",
              "speed": "fast",
              "pass": true,
              "fail": false,
              "pending": false,
              "context": "{\n  \"title\": \"cypress-mochawesome-reporter-videos-passed\",\n  \"value\": \"cypress\\\\e2e\\\\day01\\\\first_test2.cy.js\"\n}",
              "code": "cy.visit('https://www.google.com/');\ncy.url().should('include', 'google');",
              "err": {},
              "uuid": "8899278a-740d-450d-9028-50d850bd1436",
              "parentUUID": "013c1e65-bcfb-4daf-bb32-c922d03d3000",
              "isHook": false,
              "skipped": false
            },
            {
              "title": "Title test",
              "fullTitle": "My first test Title test",
              "timedOut": null,
              "duration": 2255,
              "state": "passed",
              "speed": "fast",
              "pass": true,
              "fail": false,
              "pending": false,
              "context": "{\n  \"title\": \"cypress-mochawesome-reporter-videos-passed\",\n  \"value\": \"cypress\\\\e2e\\\\day01\\\\first_test2.cy.js\"\n}",
              "code": "cy.visit('https://www.google.com');\ncy.title().should('include', 'Google');\ncy.title().should('eq', 'Google');",
              "err": {},
              "uuid": "267dc3fb-13c6-4a23-97d5-ae4a07a9dcb2",
              "parentUUID": "013c1e65-bcfb-4daf-bb32-c922d03d3000",
              "isHook": false,
              "skipped": false
            }
          ],
          "suites": [],
          "passes": [
            "8899278a-740d-450d-9028-50d850bd1436",
            "267dc3fb-13c6-4a23-97d5-ae4a07a9dcb2"
          ],
          "failures": [],
          "pending": [],
          "skipped": [],
          "duration": 4298,
          "root": false,
          "rootEmpty": false,
          "_timeout": 2000
        }
      ],
      "passes": [],
      "failures": [],
      "pending": [],
      "skipped": [],
      "duration": 0,
      "root": true,
      "rootEmpty": true,
      "_timeout": 2000
    }
  ],
  "meta": {
    "mocha": {
      "version": "7.0.1"
    },
    "mochawesome": {
      "options": {
        "quiet": false,
        "reportFilename": "mochawesome",
        "saveHtml": false,
        "saveJson": true,
        "consoleReporter": "spec",
        "useInlineDiffs": false,
        "code": true
      },
      "version": "7.1.3"
    },
    "marge": {
      "options": {
        "overwrite": false,
        "html": false,
        "json": true,
        "reportDir": "cypress\\reports\\html\\.jsons"
      },
      "version": "6.2.0"
    }
  }
}