{
  "stats": {
    "suites": 1,
    "tests": 1,
    "passes": 1,
    "pending": 0,
    "failures": 0,
    "start": "2023-12-04T10:53:28.566Z",
    "end": "2023-12-04T10:53:44.462Z",
    "duration": 15896,
    "testsRegistered": 1,
    "passPercent": 100,
    "pendingPercent": 0,
    "other": 0,
    "hasOther": false,
    "skipped": 0,
    "hasSkipped": false
  },
  "results": [
    {
      "uuid": "47bde524-8546-4733-ab7e-56ac52d3feb8",
      "title": "",
      "fullFile": "cypress\\e2e\\day02\\04_LoginTest.cy.js",
      "file": "cypress\\e2e\\day02\\04_LoginTest.cy.js",
      "beforeHooks": [],
      "afterHooks": [],
      "tests": [],
      "suites": [
        {
          "uuid": "c3e1388d-02e4-4ff5-a2d4-63a768096b9b",
          "title": "Login Test",
          "fullFile": "",
          "file": "",
          "beforeHooks": [],
          "afterHooks": [],
          "tests": [
            {
              "title": "Negatif Test",
              "fullTitle": "Login Test Negatif Test",
              "timedOut": null,
              "duration": 13704,
              "state": "passed",
              "speed": "slow",
              "pass": true,
              "fail": false,
              "pending": false,
              "context": "{\n  \"title\": \"cypress-mochawesome-reporter-videos-passed\",\n  \"value\": \"cypress\\\\e2e\\\\day02\\\\04_LoginTest.cy.js\"\n}",
              "code": "cy.visit('https://qa-environment.koalaresorthotels.com/');\ncy.contains('Log in').click();\nconst username = \"Manager\";\nconst password = \"Manager\";\ncy.get('#UserName', {\n  timeout: 2000\n}).type(username);\ncy.get('#Password', {\n  timeout: 5000\n}).type(password);\ncy.get('#btnSubmit').click();\ncy.get('.validation-summary-errors > span').should('include.text', 'Try again please');\ncy.get('.validation-summary-errors > ul > li').should('include.text', 'Username or password is incorrect, please correct them and try again');",
              "err": {},
              "uuid": "75dedc7a-ad2c-4709-a3e4-ca1ac04ec699",
              "parentUUID": "c3e1388d-02e4-4ff5-a2d4-63a768096b9b",
              "isHook": false,
              "skipped": false
            }
          ],
          "suites": [],
          "passes": [
            "75dedc7a-ad2c-4709-a3e4-ca1ac04ec699"
          ],
          "failures": [],
          "pending": [],
          "skipped": [],
          "duration": 13704,
          "root": false,
          "rootEmpty": false,
          "_timeout": 2000
        }
      ],
      "passes": [],
      "failures": [],
      "pending": [],
      "skipped": [],
      "duration": 0,
      "root": true,
      "rootEmpty": true,
      "_timeout": 2000
    }
  ],
  "meta": {
    "mocha": {
      "version": "7.0.1"
    },
    "mochawesome": {
      "options": {
        "quiet": false,
        "reportFilename": "mochawesome",
        "saveHtml": false,
        "saveJson": true,
        "consoleReporter": "spec",
        "useInlineDiffs": false,
        "code": true
      },
      "version": "7.1.3"
    },
    "marge": {
      "options": {
        "overwrite": false,
        "html": false,
        "json": true,
        "reportDir": "cypress\\reports\\html\\.jsons"
      },
      "version": "6.2.0"
    }
  }
}