{
  "stats": {
    "suites": 1,
    "tests": 3,
    "passes": 0,
    "pending": 0,
    "failures": 3,
    "start": "2023-12-04T10:55:21.182Z",
    "end": "2023-12-04T10:55:44.951Z",
    "duration": 23769,
    "testsRegistered": 3,
    "passPercent": 0,
    "pendingPercent": 0,
    "other": 0,
    "hasOther": false,
    "skipped": 0,
    "hasSkipped": false
  },
  "results": [
    {
      "uuid": "e9705c86-095e-434c-8d0b-f6c5362e4008",
      "title": "",
      "fullFile": "cypress\\e2e\\day05\\05_ViewPorts.cy.js",
      "file": "cypress\\e2e\\day05\\05_ViewPorts.cy.js",
      "beforeHooks": [],
      "afterHooks": [],
      "tests": [],
      "suites": [
        {
          "uuid": "64155189-d362-451c-8832-16949e0fdea9",
          "title": "ViewPorts",
          "fullFile": "",
          "file": "",
          "beforeHooks": [],
          "afterHooks": [],
          "tests": [
            {
              "title": "iphone-8",
              "fullTitle": "ViewPorts iphone-8",
              "timedOut": null,
              "duration": 13274,
              "state": "failed",
              "speed": null,
              "pass": false,
              "fail": true,
              "pending": false,
              "context": "{\n  \"title\": \"cypress-mochawesome-reporter-videos-failed\",\n  \"value\": \"cypress\\\\e2e\\\\day05\\\\05_ViewPorts.cy.js\"\n}",
              "code": "cy.visit('https://www.amazon.com');\ncy.viewport('iphone-8');\ncy.screenshot();",
              "err": {
                "message": "TypeError: The \"path\" argument must be of type string. Received type boolean (false)",
                "estack": "TypeError: The \"path\" argument must be of type string. Received type boolean (false)\nTypeError [ERR_INVALID_ARG_TYPE]: The \"path\" argument must be of type string. Received type boolean (false)\n    at new NodeError (node:internal/errors:399:5)\n    at validateString (node:internal/validators:163:11)\n    at Object.join (node:path:429:7)\n    at M (<embedded>:4454:62580)\n    at <embedded>:4454:64481\n    at Object.save (<embedded>:4454:64502)\n    at <embedded>:4454:65660\n    at tryCatcher (C:\\Users\\Lenovo\\AppData\\Local\\Cypress\\Cache\\13.3.3\\Cypress\\resources\\app\\node_modules\\bluebird\\js\\release\\util.js:16:23)\n    at Promise._settlePromiseFromHandler (C:\\Users\\Lenovo\\AppData\\Local\\Cypress\\Cache\\13.3.3\\Cypress\\resources\\app\\node_modules\\bluebird\\js\\release\\promise.js:512:31)\n    at Promise._settlePromise (C:\\Users\\Lenovo\\AppData\\Local\\Cypress\\Cache\\13.3.3\\Cypress\\resources\\app\\node_modules\\bluebird\\js\\release\\promise.js:569:18)\n    at Promise._settlePromise0 (C:\\Users\\Lenovo\\AppData\\Local\\Cypress\\Cache\\13.3.3\\Cypress\\resources\\app\\node_modules\\bluebird\\js\\release\\promise.js:614:10)\n    at Promise._settlePromises (C:\\Users\\Lenovo\\AppData\\Local\\Cypress\\Cache\\13.3.3\\Cypress\\resources\\app\\node_modules\\bluebird\\js\\release\\promise.js:694:18)\n    at _drainQueueStep (C:\\Users\\Lenovo\\AppData\\Local\\Cypress\\Cache\\13.3.3\\Cypress\\resources\\app\\node_modules\\bluebird\\js\\release\\async.js:138:12)\n    at _drainQueue (C:\\Users\\Lenovo\\AppData\\Local\\Cypress\\Cache\\13.3.3\\Cypress\\resources\\app\\node_modules\\bluebird\\js\\release\\async.js:131:9)\n    at Async._drainQueues (C:\\Users\\Lenovo\\AppData\\Local\\Cypress\\Cache\\13.3.3\\Cypress\\resources\\app\\node_modules\\bluebird\\js\\release\\async.js:147:5)\n    at Immediate._onImmediate (C:\\Users\\Lenovo\\AppData\\Local\\Cypress\\Cache\\13.3.3\\Cypress\\resources\\app\\node_modules\\bluebird\\js\\release\\async.js:17:14)\n    at process.processImmediate (node:internal/timers:476:21)",
                "diff": null
              },
              "uuid": "217134e7-10c5-4ea4-aac0-2b6405bd05eb",
              "parentUUID": "64155189-d362-451c-8832-16949e0fdea9",
              "isHook": false,
              "skipped": false
            },
            {
              "title": "macbook-16",
              "fullTitle": "ViewPorts macbook-16",
              "timedOut": null,
              "duration": 3453,
              "state": "failed",
              "speed": null,
              "pass": false,
              "fail": true,
              "pending": false,
              "context": "{\n  \"title\": \"cypress-mochawesome-reporter-videos-failed\",\n  \"value\": \"cypress\\\\e2e\\\\day05\\\\05_ViewPorts.cy.js\"\n}",
              "code": "cy.visit('https://www.google.com');\ncy.viewport('macbook-16');\ncy.screenshot();",
              "err": {
                "message": "TypeError: The \"path\" argument must be of type string. Received type boolean (false)",
                "estack": "TypeError: The \"path\" argument must be of type string. Received type boolean (false)\nTypeError [ERR_INVALID_ARG_TYPE]: The \"path\" argument must be of type string. Received type boolean (false)\n    at new NodeError (node:internal/errors:399:5)\n    at validateString (node:internal/validators:163:11)\n    at Object.join (node:path:429:7)\n    at M (<embedded>:4454:62580)\n    at <embedded>:4454:64481\n    at Object.save (<embedded>:4454:64502)\n    at <embedded>:4454:65660\n    at tryCatcher (C:\\Users\\Lenovo\\AppData\\Local\\Cypress\\Cache\\13.3.3\\Cypress\\resources\\app\\node_modules\\bluebird\\js\\release\\util.js:16:23)\n    at Promise._settlePromiseFromHandler (C:\\Users\\Lenovo\\AppData\\Local\\Cypress\\Cache\\13.3.3\\Cypress\\resources\\app\\node_modules\\bluebird\\js\\release\\promise.js:512:31)\n    at Promise._settlePromise (C:\\Users\\Lenovo\\AppData\\Local\\Cypress\\Cache\\13.3.3\\Cypress\\resources\\app\\node_modules\\bluebird\\js\\release\\promise.js:569:18)\n    at Promise._settlePromise0 (C:\\Users\\Lenovo\\AppData\\Local\\Cypress\\Cache\\13.3.3\\Cypress\\resources\\app\\node_modules\\bluebird\\js\\release\\promise.js:614:10)\n    at Promise._settlePromises (C:\\Users\\Lenovo\\AppData\\Local\\Cypress\\Cache\\13.3.3\\Cypress\\resources\\app\\node_modules\\bluebird\\js\\release\\promise.js:694:18)\n    at _drainQueueStep (C:\\Users\\Lenovo\\AppData\\Local\\Cypress\\Cache\\13.3.3\\Cypress\\resources\\app\\node_modules\\bluebird\\js\\release\\async.js:138:12)\n    at _drainQueue (C:\\Users\\Lenovo\\AppData\\Local\\Cypress\\Cache\\13.3.3\\Cypress\\resources\\app\\node_modules\\bluebird\\js\\release\\async.js:131:9)\n    at Async._drainQueues (C:\\Users\\Lenovo\\AppData\\Local\\Cypress\\Cache\\13.3.3\\Cypress\\resources\\app\\node_modules\\bluebird\\js\\release\\async.js:147:5)\n    at Immediate._onImmediate (C:\\Users\\Lenovo\\AppData\\Local\\Cypress\\Cache\\13.3.3\\Cypress\\resources\\app\\node_modules\\bluebird\\js\\release\\async.js:17:14)\n    at process.processImmediate (node:internal/timers:476:21)",
                "diff": null
              },
              "uuid": "e2ad632d-ff22-42a2-aaf6-00a44fadcf34",
              "parentUUID": "64155189-d362-451c-8832-16949e0fdea9",
              "isHook": false,
              "skipped": false
            },
            {
              "title": "samsung-s10",
              "fullTitle": "ViewPorts samsung-s10",
              "timedOut": null,
              "duration": 1560,
              "state": "failed",
              "speed": null,
              "pass": false,
              "fail": true,
              "pending": false,
              "context": "{\n  \"title\": \"cypress-mochawesome-reporter-videos-failed\",\n  \"value\": \"cypress\\\\e2e\\\\day05\\\\05_ViewPorts.cy.js\"\n}",
              "code": "cy.visit('https://www.google.com');\ncy.viewport('samsung-s10');\ncy.screenshot();",
              "err": {
                "message": "TypeError: The \"path\" argument must be of type string. Received type boolean (false)",
                "estack": "TypeError: The \"path\" argument must be of type string. Received type boolean (false)\nTypeError [ERR_INVALID_ARG_TYPE]: The \"path\" argument must be of type string. Received type boolean (false)\n    at new NodeError (node:internal/errors:399:5)\n    at validateString (node:internal/validators:163:11)\n    at Object.join (node:path:429:7)\n    at M (<embedded>:4454:62580)\n    at <embedded>:4454:64481\n    at Object.save (<embedded>:4454:64502)\n    at <embedded>:4454:65660\n    at tryCatcher (C:\\Users\\Lenovo\\AppData\\Local\\Cypress\\Cache\\13.3.3\\Cypress\\resources\\app\\node_modules\\bluebird\\js\\release\\util.js:16:23)\n    at Promise._settlePromiseFromHandler (C:\\Users\\Lenovo\\AppData\\Local\\Cypress\\Cache\\13.3.3\\Cypress\\resources\\app\\node_modules\\bluebird\\js\\release\\promise.js:512:31)\n    at Promise._settlePromise (C:\\Users\\Lenovo\\AppData\\Local\\Cypress\\Cache\\13.3.3\\Cypress\\resources\\app\\node_modules\\bluebird\\js\\release\\promise.js:569:18)\n    at Promise._settlePromise0 (C:\\Users\\Lenovo\\AppData\\Local\\Cypress\\Cache\\13.3.3\\Cypress\\resources\\app\\node_modules\\bluebird\\js\\release\\promise.js:614:10)\n    at Promise._settlePromises (C:\\Users\\Lenovo\\AppData\\Local\\Cypress\\Cache\\13.3.3\\Cypress\\resources\\app\\node_modules\\bluebird\\js\\release\\promise.js:694:18)\n    at _drainQueueStep (C:\\Users\\Lenovo\\AppData\\Local\\Cypress\\Cache\\13.3.3\\Cypress\\resources\\app\\node_modules\\bluebird\\js\\release\\async.js:138:12)\n    at _drainQueue (C:\\Users\\Lenovo\\AppData\\Local\\Cypress\\Cache\\13.3.3\\Cypress\\resources\\app\\node_modules\\bluebird\\js\\release\\async.js:131:9)\n    at Async._drainQueues (C:\\Users\\Lenovo\\AppData\\Local\\Cypress\\Cache\\13.3.3\\Cypress\\resources\\app\\node_modules\\bluebird\\js\\release\\async.js:147:5)\n    at Immediate._onImmediate (C:\\Users\\Lenovo\\AppData\\Local\\Cypress\\Cache\\13.3.3\\Cypress\\resources\\app\\node_modules\\bluebird\\js\\release\\async.js:17:14)\n    at process.processImmediate (node:internal/timers:476:21)",
                "diff": null
              },
              "uuid": "f2997b2d-9594-4530-af93-0cfdac58f09e",
              "parentUUID": "64155189-d362-451c-8832-16949e0fdea9",
              "isHook": false,
              "skipped": false
            }
          ],
          "suites": [],
          "passes": [],
          "failures": [
            "217134e7-10c5-4ea4-aac0-2b6405bd05eb",
            "e2ad632d-ff22-42a2-aaf6-00a44fadcf34",
            "f2997b2d-9594-4530-af93-0cfdac58f09e"
          ],
          "pending": [],
          "skipped": [],
          "duration": 18287,
          "root": false,
          "rootEmpty": false,
          "_timeout": 2000
        }
      ],
      "passes": [],
      "failures": [],
      "pending": [],
      "skipped": [],
      "duration": 0,
      "root": true,
      "rootEmpty": true,
      "_timeout": 2000
    }
  ],
  "meta": {
    "mocha": {
      "version": "7.0.1"
    },
    "mochawesome": {
      "options": {
        "quiet": false,
        "reportFilename": "mochawesome",
        "saveHtml": false,
        "saveJson": true,
        "consoleReporter": "spec",
        "useInlineDiffs": false,
        "code": true
      },
      "version": "7.1.3"
    },
    "marge": {
      "options": {
        "overwrite": false,
        "html": false,
        "json": true,
        "reportDir": "cypress\\reports\\html\\.jsons"
      },
      "version": "6.2.0"
    }
  }
}