{
  "stats": {
    "suites": 1,
    "tests": 1,
    "passes": 1,
    "pending": 0,
    "failures": 0,
    "start": "2023-12-04T10:54:29.297Z",
    "end": "2023-12-04T10:54:40.150Z",
    "duration": 10853,
    "testsRegistered": 1,
    "passPercent": 100,
    "pendingPercent": 0,
    "other": 0,
    "hasOther": false,
    "skipped": 0,
    "hasSkipped": false
  },
  "results": [
    {
      "uuid": "6fa27025-24f2-40b5-825b-00d02cb9a268",
      "title": "",
      "fullFile": "cypress\\e2e\\day05\\02_ReusableMethods_CustomCommands1.cy.js",
      "file": "cypress\\e2e\\day05\\02_ReusableMethods_CustomCommands1.cy.js",
      "beforeHooks": [],
      "afterHooks": [],
      "tests": [],
      "suites": [
        {
          "uuid": "4e7a4ed5-df53-4c8c-922d-7569b0225a8e",
          "title": "Custom Command1",
          "fullFile": "",
          "file": "",
          "beforeHooks": [],
          "afterHooks": [],
          "tests": [
            {
              "title": "Negative Login",
              "fullTitle": "Custom Command1 Negative Login",
              "timedOut": null,
              "duration": 8130,
              "state": "passed",
              "speed": "medium",
              "pass": true,
              "fail": false,
              "pending": false,
              "context": "{\n  \"title\": \"cypress-mochawesome-reporter-videos-passed\",\n  \"value\": \"cypress\\\\e2e\\\\day05\\\\02_ReusableMethods_CustomCommands1.cy.js\"\n}",
              "code": "cy.automation_practice_login('masutcu@gmail.com', 'mehmetali555');\ncy.get('ol > li').should('have.text', 'Authentication failed.');\ncy.get('ol > li').should('be.visible');\ncy.url().should('include', 'controller=authentication');",
              "err": {},
              "uuid": "3c5100b4-d3c0-4e9f-99dd-0a11d98874a4",
              "parentUUID": "4e7a4ed5-df53-4c8c-922d-7569b0225a8e",
              "isHook": false,
              "skipped": false
            }
          ],
          "suites": [],
          "passes": [
            "3c5100b4-d3c0-4e9f-99dd-0a11d98874a4"
          ],
          "failures": [],
          "pending": [],
          "skipped": [],
          "duration": 8130,
          "root": false,
          "rootEmpty": false,
          "_timeout": 2000
        }
      ],
      "passes": [],
      "failures": [],
      "pending": [],
      "skipped": [],
      "duration": 0,
      "root": true,
      "rootEmpty": true,
      "_timeout": 2000
    }
  ],
  "meta": {
    "mocha": {
      "version": "7.0.1"
    },
    "mochawesome": {
      "options": {
        "quiet": false,
        "reportFilename": "mochawesome",
        "saveHtml": false,
        "saveJson": true,
        "consoleReporter": "spec",
        "useInlineDiffs": false,
        "code": true
      },
      "version": "7.1.3"
    },
    "marge": {
      "options": {
        "overwrite": false,
        "html": false,
        "json": true,
        "reportDir": "cypress\\reports\\html\\.jsons"
      },
      "version": "6.2.0"
    }
  }
}