{
  "stats": {
    "suites": 1,
    "tests": 1,
    "passes": 0,
    "pending": 0,
    "failures": 1,
    "start": "2023-12-04T10:54:43.133Z",
    "end": "2023-12-04T10:55:07.143Z",
    "duration": 24010,
    "testsRegistered": 1,
    "passPercent": 0,
    "pendingPercent": 0,
    "other": 0,
    "hasOther": false,
    "skipped": 0,
    "hasSkipped": false
  },
  "results": [
    {
      "uuid": "4c8505b4-f780-4895-bc95-33af766ff9dc",
      "title": "",
      "fullFile": "cypress\\e2e\\day05\\03_CutomCommand2.cy.js",
      "file": "cypress\\e2e\\day05\\03_CutomCommand2.cy.js",
      "beforeHooks": [],
      "afterHooks": [],
      "tests": [],
      "suites": [
        {
          "uuid": "9ed2b6d2-d960-4e6a-8bc2-5ecf1c2a621a",
          "title": "Custom Commads",
          "fullFile": "",
          "file": "",
          "beforeHooks": [],
          "afterHooks": [],
          "tests": [
            {
              "title": "Amazon Search",
              "fullTitle": "Custom Commads Amazon Search",
              "timedOut": null,
              "duration": 20584,
              "state": "failed",
              "speed": null,
              "pass": false,
              "fail": true,
              "pending": false,
              "context": "{\n  \"title\": \"cypress-mochawesome-reporter-videos-failed\",\n  \"value\": \"cypress\\\\e2e\\\\day05\\\\03_CutomCommand2.cy.js\"\n}",
              "code": "cy.amazonSearch('İPHONE');",
              "err": {
                "message": "TypeError: The \"path\" argument must be of type string. Received type boolean (false)",
                "estack": "TypeError: The \"path\" argument must be of type string. Received type boolean (false)\nTypeError [ERR_INVALID_ARG_TYPE]: The \"path\" argument must be of type string. Received type boolean (false)\n    at new NodeError (node:internal/errors:399:5)\n    at validateString (node:internal/validators:163:11)\n    at Object.join (node:path:429:7)\n    at M (<embedded>:4454:62580)\n    at <embedded>:4454:64481\n    at Object.save (<embedded>:4454:64502)\n    at <embedded>:4454:65660\n    at tryCatcher (C:\\Users\\Lenovo\\AppData\\Local\\Cypress\\Cache\\13.3.3\\Cypress\\resources\\app\\node_modules\\bluebird\\js\\release\\util.js:16:23)\n    at Promise._settlePromiseFromHandler (C:\\Users\\Lenovo\\AppData\\Local\\Cypress\\Cache\\13.3.3\\Cypress\\resources\\app\\node_modules\\bluebird\\js\\release\\promise.js:512:31)\n    at Promise._settlePromise (C:\\Users\\Lenovo\\AppData\\Local\\Cypress\\Cache\\13.3.3\\Cypress\\resources\\app\\node_modules\\bluebird\\js\\release\\promise.js:569:18)\n    at Promise._settlePromise0 (C:\\Users\\Lenovo\\AppData\\Local\\Cypress\\Cache\\13.3.3\\Cypress\\resources\\app\\node_modules\\bluebird\\js\\release\\promise.js:614:10)\n    at Promise._settlePromises (C:\\Users\\Lenovo\\AppData\\Local\\Cypress\\Cache\\13.3.3\\Cypress\\resources\\app\\node_modules\\bluebird\\js\\release\\promise.js:694:18)\n    at _drainQueueStep (C:\\Users\\Lenovo\\AppData\\Local\\Cypress\\Cache\\13.3.3\\Cypress\\resources\\app\\node_modules\\bluebird\\js\\release\\async.js:138:12)\n    at _drainQueue (C:\\Users\\Lenovo\\AppData\\Local\\Cypress\\Cache\\13.3.3\\Cypress\\resources\\app\\node_modules\\bluebird\\js\\release\\async.js:131:9)\n    at Async._drainQueues (C:\\Users\\Lenovo\\AppData\\Local\\Cypress\\Cache\\13.3.3\\Cypress\\resources\\app\\node_modules\\bluebird\\js\\release\\async.js:147:5)\n    at Immediate._onImmediate (C:\\Users\\Lenovo\\AppData\\Local\\Cypress\\Cache\\13.3.3\\Cypress\\resources\\app\\node_modules\\bluebird\\js\\release\\async.js:17:14)\n    at process.processImmediate (node:internal/timers:476:21)",
                "diff": null
              },
              "uuid": "857b7084-604f-40b6-a1d3-1d0bfd0cc0db",
              "parentUUID": "9ed2b6d2-d960-4e6a-8bc2-5ecf1c2a621a",
              "isHook": false,
              "skipped": false
            }
          ],
          "suites": [],
          "passes": [],
          "failures": [
            "857b7084-604f-40b6-a1d3-1d0bfd0cc0db"
          ],
          "pending": [],
          "skipped": [],
          "duration": 20584,
          "root": false,
          "rootEmpty": false,
          "_timeout": 2000
        }
      ],
      "passes": [],
      "failures": [],
      "pending": [],
      "skipped": [],
      "duration": 0,
      "root": true,
      "rootEmpty": true,
      "_timeout": 2000
    }
  ],
  "meta": {
    "mocha": {
      "version": "7.0.1"
    },
    "mochawesome": {
      "options": {
        "quiet": false,
        "reportFilename": "mochawesome",
        "saveHtml": false,
        "saveJson": true,
        "consoleReporter": "spec",
        "useInlineDiffs": false,
        "code": true
      },
      "version": "7.1.3"
    },
    "marge": {
      "options": {
        "overwrite": false,
        "html": false,
        "json": true,
        "reportDir": "cypress\\reports\\html\\.jsons"
      },
      "version": "6.2.0"
    }
  }
}